<?xml version="1.0" encoding="UTF-8"?>
<coverage generated="1607704836709" clover="3.2.0">
  <project timestamp="1607704836709" name="All files">
    <metrics statements="70" coveredstatements="61" conditionals="47" coveredconditionals="37" methods="12" coveredmethods="10" elements="129" coveredelements="108" complexity="0" loc="70" ncloc="70" packages="1" files="1" classes="1"/>
    <file name="index.ts" path="C:\Users\Matteo\Documents\dev\esi-little-helper\index.ts">
      <metrics statements="70" coveredstatements="61" conditionals="47" coveredconditionals="37" methods="12" coveredmethods="10"/>
      <line num="1" count="1" type="stmt"/>
      <line num="3" count="1" type="stmt"/>
      <line num="8" count="6" type="stmt"/>
      <line num="9" count="6" type="stmt"/>
      <line num="12" count="1" type="stmt"/>
      <line num="13" count="136" type="cond" truecount="8" falsecount="0"/>
      <line num="14" count="136" type="cond" truecount="2" falsecount="0"/>
      <line num="15" count="2" type="stmt"/>
      <line num="18" count="134" type="stmt"/>
      <line num="19" count="134" type="stmt"/>
      <line num="20" count="134" type="stmt"/>
      <line num="24" count="134" type="cond" truecount="2" falsecount="0"/>
      <line num="25" count="1" type="stmt"/>
      <line num="27" count="134" type="cond" truecount="2" falsecount="0"/>
      <line num="28" count="1" type="stmt"/>
      <line num="31" count="134" type="stmt"/>
      <line num="32" count="134" type="cond" truecount="2" falsecount="0"/>
      <line num="33" count="30" type="stmt"/>
      <line num="38" count="134" type="stmt"/>
      <line num="40" count="1" type="stmt"/>
      <line num="41" count="1" type="cond" truecount="1" falsecount="1"/>
      <line num="42" count="0" type="stmt"/>
      <line num="45" count="1" type="stmt"/>
      <line num="48" count="133" type="cond" truecount="2" falsecount="0"/>
      <line num="49" count="101" type="cond" truecount="2" falsecount="0"/>
      <line num="50" count="1" type="stmt"/>
      <line num="52" count="100" type="stmt"/>
      <line num="55" count="101" type="cond" truecount="1" falsecount="1"/>
      <line num="56" count="101" type="stmt"/>
      <line num="60" count="32" type="stmt"/>
      <line num="63" count="1" type="stmt"/>
      <line num="66" count="1" type="cond" truecount="1" falsecount="0"/>
      <line num="67" count="1" type="stmt"/>
      <line num="68" count="1" type="stmt"/>
      <line num="69" count="1" type="cond" truecount="1" falsecount="1"/>
      <line num="70" count="1" type="stmt"/>
      <line num="73" count="1" type="stmt"/>
      <line num="74" count="1" type="stmt"/>
      <line num="76" count="1" type="stmt"/>
      <line num="77" count="29" type="cond" truecount="3" falsecount="1"/>
      <line num="78" count="29" type="stmt"/>
      <line num="79" count="29" type="stmt"/>
      <line num="80" count="29" type="stmt"/>
      <line num="81" count="29" type="stmt"/>
      <line num="84" count="1" type="stmt"/>
      <line num="86" count="1" type="stmt"/>
      <line num="88" count="1" type="stmt"/>
      <line num="89" count="6" type="stmt"/>
      <line num="90" count="6" type="stmt"/>
      <line num="95" count="1" type="stmt"/>
      <line num="96" count="136" type="cond" truecount="1" falsecount="1"/>
      <line num="97" count="0" type="stmt"/>
      <line num="100" count="136" type="stmt"/>
      <line num="103" count="1" type="stmt"/>
      <line num="104" count="0" type="cond" truecount="0" falsecount="2"/>
      <line num="105" count="0" type="stmt"/>
      <line num="108" count="0" type="stmt"/>
      <line num="111" count="102" type="cond" truecount="2" falsecount="0"/>
      <line num="112" count="101" type="cond" truecount="3" falsecount="1"/>
      <line num="113" count="0" type="stmt"/>
      <line num="116" count="101" type="stmt"/>
      <line num="119" count="1" type="cond" truecount="1" falsecount="1"/>
      <line num="120" count="1" type="cond" truecount="3" falsecount="1"/>
      <line num="121" count="0" type="stmt"/>
      <line num="124" count="1" type="stmt"/>
      <line num="127" count="1" type="stmt"/>
      <line num="128" count="0" type="stmt"/>
      <line num="129" count="0" type="stmt"/>
      <line num="131" count="1" type="stmt"/>
      <line num="142" count="1" type="stmt"/>
    </file>
  </project>
</coverage>
