{"C:\\Users\\Matteo\\Documents\\dev\\esi-little-helper\\index.ts": {"path":"C:\\Users\\Matteo\\Documents\\dev\\esi-little-helper\\index.ts","statementMap":{"0":{"start":{"line":1,"column":0},"end":{"line":1,"column":65}},"1":{"start":{"line":3,"column":0},"end":{"line":3,"column":null}},"2":{"start":{"line":8,"column":4},"end":{"line":8,"column":31}},"3":{"start":{"line":9,"column":4},"end":{"line":9,"column":43}},"4":{"start":{"line":12,"column":15},"end":{"line":61,"column":null}},"5":{"start":{"line":13,"column":9},"end":{"line":13,"column":91}},"6":{"start":{"line":14,"column":4},"end":{"line":16,"column":null}},"7":{"start":{"line":15,"column":6},"end":{"line":15,"column":80}},"8":{"start":{"line":18,"column":8},"end":{"line":18,"column":37}},"9":{"start":{"line":19,"column":4},"end":{"line":19,"column":31}},"10":{"start":{"line":20,"column":4},"end":{"line":23,"column":null}},"11":{"start":{"line":24,"column":4},"end":{"line":26,"column":null}},"12":{"start":{"line":25,"column":6},"end":{"line":25,"column":62}},"13":{"start":{"line":27,"column":4},"end":{"line":29,"column":null}},"14":{"start":{"line":28,"column":6},"end":{"line":28,"column":29}},"15":{"start":{"line":31,"column":8},"end":{"line":31,"column":19}},"16":{"start":{"line":32,"column":4},"end":{"line":34,"column":null}},"17":{"start":{"line":33,"column":6},"end":{"line":33,"column":47}},"18":{"start":{"line":38,"column":17},"end":{"line":38,"column":83}},"19":{"start":{"line":38,"column":6},"end":{"line":38,"column":83}},"20":{"start":{"line":40,"column":6},"end":{"line":40,"column":36}},"21":{"start":{"line":41,"column":6},"end":{"line":43,"column":null}},"22":{"start":{"line":42,"column":8},"end":{"line":42,"column":27}},"23":{"start":{"line":45,"column":6},"end":{"line":45,"column":28}},"24":{"start":{"line":48,"column":4},"end":{"line":58,"column":null}},"25":{"start":{"line":49,"column":6},"end":{"line":53,"column":null}},"26":{"start":{"line":50,"column":8},"end":{"line":50,"column":61}},"27":{"start":{"line":52,"column":8},"end":{"line":52,"column":54}},"28":{"start":{"line":55,"column":6},"end":{"line":57,"column":null}},"29":{"start":{"line":56,"column":8},"end":{"line":56,"column":76}},"30":{"start":{"line":60,"column":4},"end":{"line":60,"column":20}},"31":{"start":{"line":63,"column":15},"end":{"line":85,"column":null}},"32":{"start":{"line":66,"column":24},"end":{"line":66,"column":null}},"33":{"start":{"line":66,"column":8},"end":{"line":66,"column":null}},"34":{"start":{"line":67,"column":8},"end":{"line":67,"column":18}},"35":{"start":{"line":68,"column":8},"end":{"line":68,"column":59}},"36":{"start":{"line":69,"column":4},"end":{"line":71,"column":null}},"37":{"start":{"line":70,"column":6},"end":{"line":70,"column":34}},"38":{"start":{"line":73,"column":8},"end":{"line":75,"column":6}},"39":{"start":{"line":74,"column":26},"end":{"line":74,"column":40}},"40":{"start":{"line":76,"column":4},"end":{"line":82,"column":null}},"41":{"start":{"line":77,"column":10},"end":{"line":77,"column":75}},"42":{"start":{"line":78,"column":6},"end":{"line":78,"column":45}},"43":{"start":{"line":79,"column":10},"end":{"line":79,"column":32}},"44":{"start":{"line":80,"column":6},"end":{"line":80,"column":49}},"45":{"start":{"line":81,"column":6},"end":{"line":81,"column":49}},"46":{"start":{"line":84,"column":4},"end":{"line":84,"column":25}},"47":{"start":{"line":86,"column":0},"end":{"line":86,"column":null}},"48":{"start":{"line":142,"column":9},"end":{"line":142,"column":12}},"49":{"start":{"line":88,"column":0},"end":{"line":88,"column":null}},"50":{"start":{"line":89,"column":10},"end":{"line":89,"column":36}},"51":{"start":{"line":90,"column":10},"end":{"line":90,"column":52}},"52":{"start":{"line":95,"column":9},"end":{"line":101,"column":null}},"53":{"start":{"line":96,"column":4},"end":{"line":98,"column":null}},"54":{"start":{"line":97,"column":6},"end":{"line":97,"column":19}},"55":{"start":{"line":100,"column":4},"end":{"line":100,"column":28}},"56":{"start":{"line":103,"column":9},"end":{"line":109,"column":null}},"57":{"start":{"line":104,"column":4},"end":{"line":106,"column":null}},"58":{"start":{"line":105,"column":6},"end":{"line":105,"column":19}},"59":{"start":{"line":108,"column":4},"end":{"line":108,"column":27}},"60":{"start":{"line":111,"column":9},"end":{"line":117,"column":null}},"61":{"start":{"line":111,"column":19},"end":{"line":111,"column":null}},"62":{"start":{"line":112,"column":4},"end":{"line":114,"column":null}},"63":{"start":{"line":113,"column":6},"end":{"line":113,"column":71}},"64":{"start":{"line":116,"column":4},"end":{"line":116,"column":26}},"65":{"start":{"line":119,"column":9},"end":{"line":125,"column":null}},"66":{"start":{"line":119,"column":26},"end":{"line":119,"column":null}},"67":{"start":{"line":120,"column":4},"end":{"line":122,"column":null}},"68":{"start":{"line":121,"column":6},"end":{"line":121,"column":71}},"69":{"start":{"line":124,"column":4},"end":{"line":124,"column":25}},"70":{"start":{"line":127,"column":10},"end":{"line":130,"column":null}},"71":{"start":{"line":128,"column":4},"end":{"line":128,"column":27}},"72":{"start":{"line":129,"column":4},"end":{"line":129,"column":43}},"73":{"start":{"line":131,"column":0},"end":{"line":131,"column":null}}},"fnMap":{"0":{"name":"(anonymous_21)","decl":{"start":{"line":3,"column":0},"end":{"line":3,"column":null}},"loc":{"start":{"line":3,"column":0},"end":{"line":86,"column":null}}},"1":{"name":"Esi","decl":{"start":{"line":7,"column":2},"end":{"line":7,"column":14}},"loc":{"start":{"line":7,"column":31},"end":{"line":10,"column":3}}},"2":{"name":"(anonymous_23)","decl":{"start":{"line":12,"column":2},"end":{"line":12,"column":15}},"loc":{"start":{"line":12,"column":47},"end":{"line":61,"column":null}}},"3":{"name":"(anonymous_26)","decl":{"start":{"line":63,"column":2},"end":{"line":63,"column":15}},"loc":{"start":{"line":64,"column":30},"end":{"line":85,"column":null}}},"4":{"name":"(anonymous_29)","decl":{"start":{"line":74,"column":20},"end":{"line":74,"column":26}},"loc":{"start":{"line":74,"column":20},"end":{"line":74,"column":39}}},"5":{"name":"(anonymous_30)","decl":{"start":{"line":88,"column":0},"end":{"line":88,"column":null}},"loc":{"start":{"line":88,"column":0},"end":{"line":131,"column":null}}},"6":{"name":"ErrorManager","decl":{"start":{"line":92,"column":2},"end":{"line":92,"column":null}},"loc":{"start":{"line":92,"column":2},"end":{"line":93,"column":3}}},"7":{"name":"(anonymous_32)","decl":{"start":{"line":95,"column":2},"end":{"line":95,"column":9}},"loc":{"start":{"line":95,"column":2},"end":{"line":101,"column":3}}},"8":{"name":"(anonymous_33)","decl":{"start":{"line":103,"column":2},"end":{"line":103,"column":9}},"loc":{"start":{"line":103,"column":2},"end":{"line":109,"column":3}}},"9":{"name":"(anonymous_34)","decl":{"start":{"line":111,"column":2},"end":{"line":111,"column":9}},"loc":{"start":{"line":111,"column":49},"end":{"line":117,"column":3}}},"10":{"name":"(anonymous_35)","decl":{"start":{"line":119,"column":2},"end":{"line":119,"column":9}},"loc":{"start":{"line":119,"column":56},"end":{"line":125,"column":3}}},"11":{"name":"(anonymous_36)","decl":{"start":{"line":127,"column":2},"end":{"line":127,"column":10}},"loc":{"start":{"line":127,"column":2},"end":{"line":130,"column":3}}}},"branchMap":{"0":{"loc":{"start":{"line":13,"column":41},"end":{"line":13,"column":45}},"type":"cond-expr","locations":[{"start":{"line":13,"column":41},"end":{"line":13,"column":45}},{"start":{"line":13,"column":45},"end":{"line":13,"column":47}}]},"1":{"loc":{"start":{"line":13,"column":55},"end":{"line":13,"column":59}},"type":"cond-expr","locations":[{"start":{"line":13,"column":55},"end":{"line":13,"column":59}},{"start":{"line":13,"column":59},"end":{"line":13,"column":61}}]},"2":{"loc":{"start":{"line":13,"column":68},"end":{"line":13,"column":72}},"type":"cond-expr","locations":[{"start":{"line":13,"column":68},"end":{"line":13,"column":72}},{"start":{"line":13,"column":72},"end":{"line":13,"column":74}}]},"3":{"loc":{"start":{"line":13,"column":83},"end":{"line":13,"column":87}},"type":"cond-expr","locations":[{"start":{"line":13,"column":83},"end":{"line":13,"column":87}},{"start":{"line":13,"column":87},"end":{"line":13,"column":91}}]},"4":{"loc":{"start":{"line":14,"column":4},"end":{"line":16,"column":null}},"type":"if","locations":[{"start":{"line":14,"column":4},"end":{"line":16,"column":null}},{"start":{"line":14,"column":4},"end":{"line":16,"column":null}}]},"5":{"loc":{"start":{"line":24,"column":4},"end":{"line":26,"column":null}},"type":"if","locations":[{"start":{"line":24,"column":4},"end":{"line":26,"column":null}},{"start":{"line":24,"column":4},"end":{"line":26,"column":null}}]},"6":{"loc":{"start":{"line":27,"column":4},"end":{"line":29,"column":null}},"type":"if","locations":[{"start":{"line":27,"column":4},"end":{"line":29,"column":null}},{"start":{"line":27,"column":4},"end":{"line":29,"column":null}}]},"7":{"loc":{"start":{"line":32,"column":4},"end":{"line":34,"column":null}},"type":"if","locations":[{"start":{"line":32,"column":4},"end":{"line":34,"column":null}},{"start":{"line":32,"column":4},"end":{"line":34,"column":null}}]},"8":{"loc":{"start":{"line":41,"column":6},"end":{"line":43,"column":null}},"type":"if","locations":[{"start":{"line":41,"column":6},"end":{"line":43,"column":null}},{"start":{"line":41,"column":6},"end":{"line":43,"column":null}}]},"9":{"loc":{"start":{"line":48,"column":4},"end":{"line":58,"column":null}},"type":"if","locations":[{"start":{"line":48,"column":4},"end":{"line":58,"column":null}},{"start":{"line":48,"column":4},"end":{"line":58,"column":null}}]},"10":{"loc":{"start":{"line":49,"column":6},"end":{"line":53,"column":null}},"type":"if","locations":[{"start":{"line":49,"column":6},"end":{"line":53,"column":null}},{"start":{"line":49,"column":6},"end":{"line":53,"column":null}}]},"11":{"loc":{"start":{"line":55,"column":6},"end":{"line":57,"column":null}},"type":"if","locations":[{"start":{"line":55,"column":6},"end":{"line":57,"column":null}},{"start":{"line":55,"column":6},"end":{"line":57,"column":null}}]},"12":{"loc":{"start":{"line":66,"column":24},"end":{"line":66,"column":null}},"type":"switch","locations":[{"start":{"line":66,"column":24},"end":{"line":66,"column":null}}]},"13":{"loc":{"start":{"line":69,"column":4},"end":{"line":71,"column":null}},"type":"if","locations":[{"start":{"line":69,"column":4},"end":{"line":71,"column":null}},{"start":{"line":69,"column":4},"end":{"line":71,"column":null}}]},"14":{"loc":{"start":{"line":77,"column":49},"end":{"line":77,"column":53}},"type":"cond-expr","locations":[{"start":{"line":77,"column":49},"end":{"line":77,"column":53}},{"start":{"line":77,"column":53},"end":{"line":77,"column":74}}]},"15":{"loc":{"start":{"line":77,"column":25},"end":{"line":77,"column":53}},"type":"binary-expr","locations":[{"start":{"line":77,"column":25},"end":{"line":77,"column":53}},{"start":{"line":77,"column":49},"end":{"line":77,"column":53}}]},"16":{"loc":{"start":{"line":96,"column":4},"end":{"line":98,"column":null}},"type":"if","locations":[{"start":{"line":96,"column":4},"end":{"line":98,"column":null}},{"start":{"line":96,"column":4},"end":{"line":98,"column":null}}]},"17":{"loc":{"start":{"line":104,"column":4},"end":{"line":106,"column":null}},"type":"if","locations":[{"start":{"line":104,"column":4},"end":{"line":106,"column":null}},{"start":{"line":104,"column":4},"end":{"line":106,"column":null}}]},"18":{"loc":{"start":{"line":111,"column":19},"end":{"line":111,"column":null}},"type":"if","locations":[{"start":{"line":111,"column":19},"end":{"line":111,"column":null}},{"start":{"line":111,"column":19},"end":{"line":111,"column":null}}]},"19":{"loc":{"start":{"line":112,"column":4},"end":{"line":114,"column":null}},"type":"if","locations":[{"start":{"line":112,"column":4},"end":{"line":114,"column":null}},{"start":{"line":112,"column":4},"end":{"line":114,"column":null}}]},"20":{"loc":{"start":{"line":112,"column":8},"end":{"line":112,"column":24}},"type":"binary-expr","locations":[{"start":{"line":112,"column":8},"end":{"line":112,"column":24}},{"start":{"line":112,"column":28},"end":{"line":112,"column":75}}]},"21":{"loc":{"start":{"line":119,"column":26},"end":{"line":119,"column":null}},"type":"if","locations":[{"start":{"line":119,"column":26},"end":{"line":119,"column":null}},{"start":{"line":119,"column":26},"end":{"line":119,"column":null}}]},"22":{"loc":{"start":{"line":120,"column":4},"end":{"line":122,"column":null}},"type":"if","locations":[{"start":{"line":120,"column":4},"end":{"line":122,"column":null}},{"start":{"line":120,"column":4},"end":{"line":122,"column":null}}]},"23":{"loc":{"start":{"line":120,"column":8},"end":{"line":120,"column":24}},"type":"binary-expr","locations":[{"start":{"line":120,"column":8},"end":{"line":120,"column":24}},{"start":{"line":120,"column":28},"end":{"line":120,"column":75}}]}},"s":{"0":1,"1":1,"2":6,"3":6,"4":1,"5":136,"6":136,"7":2,"8":134,"9":134,"10":134,"11":134,"12":1,"13":134,"14":1,"15":134,"16":134,"17":30,"18":134,"19":133,"20":1,"21":1,"22":0,"23":1,"24":133,"25":101,"26":1,"27":100,"28":101,"29":101,"30":32,"31":1,"32":1,"33":1,"34":1,"35":1,"36":1,"37":1,"38":1,"39":1,"40":1,"41":29,"42":29,"43":29,"44":29,"45":29,"46":1,"47":1,"48":1,"49":1,"50":6,"51":6,"52":1,"53":136,"54":0,"55":136,"56":1,"57":0,"58":0,"59":0,"60":1,"61":102,"62":101,"63":0,"64":101,"65":1,"66":1,"67":1,"68":0,"69":1,"70":1,"71":0,"72":0,"73":1},"f":{"0":1,"1":6,"2":136,"3":1,"4":1,"5":1,"6":6,"7":136,"8":0,"9":101,"10":1,"11":0},"b":{"0":[106,30],"1":[135,1],"2":[135,1],"3":[135,1],"4":[2,134],"5":[1,133],"6":[1,133],"7":[30,104],"8":[0,1],"9":[101,32],"10":[1,100],"11":[101,0],"12":[1],"13":[1,0],"14":[0,29],"15":[29,29],"16":[0,136],"17":[0,0],"18":[1,100],"19":[0,101],"20":[101,100],"21":[0,1],"22":[0,1],"23":[1,1]}}
}
