TN:
SF:index.ts
FN:3,(anonymous_21)
FN:7,Esi
FN:12,(anonymous_23)
FN:63,(anonymous_26)
FN:74,(anonymous_29)
FN:88,(anonymous_30)
FN:92,ErrorManager
FN:95,(anonymous_32)
FN:103,(anonymous_33)
FN:111,(anonymous_34)
FN:119,(anonymous_35)
FN:127,(anonymous_36)
FNF:12
FNH:10
FNDA:1,(anonymous_21)
FNDA:6,Esi
FNDA:136,(anonymous_23)
FNDA:1,(anonymous_26)
FNDA:1,(anonymous_29)
FNDA:1,(anonymous_30)
FNDA:6,ErrorManager
FNDA:136,(anonymous_32)
FNDA:0,(anonymous_33)
FNDA:101,(anonymous_34)
FNDA:1,(anonymous_35)
FNDA:0,(anonymous_36)
DA:1,1
DA:3,1
DA:8,6
DA:9,6
DA:12,1
DA:13,136
DA:14,136
DA:15,2
DA:18,134
DA:19,134
DA:20,134
DA:24,134
DA:25,1
DA:27,134
DA:28,1
DA:31,134
DA:32,134
DA:33,30
DA:38,134
DA:40,1
DA:41,1
DA:42,0
DA:45,1
DA:48,133
DA:49,101
DA:50,1
DA:52,100
DA:55,101
DA:56,101
DA:60,32
DA:63,1
DA:66,1
DA:67,1
DA:68,1
DA:69,1
DA:70,1
DA:73,1
DA:74,1
DA:76,1
DA:77,29
DA:78,29
DA:79,29
DA:80,29
DA:81,29
DA:84,1
DA:86,1
DA:88,1
DA:89,6
DA:90,6
DA:95,1
DA:96,136
DA:97,0
DA:100,136
DA:103,1
DA:104,0
DA:105,0
DA:108,0
DA:111,102
DA:112,101
DA:113,0
DA:116,101
DA:119,1
DA:120,1
DA:121,0
DA:124,1
DA:127,1
DA:128,0
DA:129,0
DA:131,1
DA:142,1
LF:70
LH:61
BRDA:13,0,0,106
BRDA:13,0,1,30
BRDA:13,1,0,135
BRDA:13,1,1,1
BRDA:13,2,0,135
BRDA:13,2,1,1
BRDA:13,3,0,135
BRDA:13,3,1,1
BRDA:14,4,0,2
BRDA:14,4,1,134
BRDA:24,5,0,1
BRDA:24,5,1,133
BRDA:27,6,0,1
BRDA:27,6,1,133
BRDA:32,7,0,30
BRDA:32,7,1,104
BRDA:41,8,0,0
BRDA:41,8,1,1
BRDA:48,9,0,101
BRDA:48,9,1,32
BRDA:49,10,0,1
BRDA:49,10,1,100
BRDA:55,11,0,101
BRDA:55,11,1,0
BRDA:66,12,0,1
BRDA:69,13,0,1
BRDA:69,13,1,0
BRDA:77,14,0,0
BRDA:77,14,1,29
BRDA:77,15,0,29
BRDA:77,15,1,29
BRDA:96,16,0,0
BRDA:96,16,1,136
BRDA:104,17,0,0
BRDA:104,17,1,0
BRDA:111,18,0,1
BRDA:111,18,1,100
BRDA:112,19,0,0
BRDA:112,19,1,101
BRDA:112,20,0,101
BRDA:112,20,1,100
BRDA:119,21,0,0
BRDA:119,21,1,1
BRDA:120,22,0,0
BRDA:120,22,1,1
BRDA:120,23,0,1
BRDA:120,23,1,1
BRF:47
BRH:37
end_of_record
